Name: 广东珠江, URL: https://skype.serv00.net/itouch.php?id=gdzj$1920x1080, Date: None, Resolution: 1920x1080, Response Time: 375 ms
Name: 广东体育, URL: https://skype.serv00.net/itouch.php?id=gdty$1920x1080, Date: None, Resolution: 1920x1080, Response Time: 375 ms
Name: 广东新闻, URL: https://skype.serv00.net/itouch.php?id=gdxw$1920x1080, Date: None, Resolution: 1920x1080, Response Time: 375 ms
Name: 广东新闻, URL: http://mom.coms.hk:9901/tsfile/live/1008_1.m3u8, Date: None, Resolution: None, Response Time: 500 ms
Name: 广东新闻, URL: http://mom.coms.hk:9901/tsfile/live/1008_1.m3u8, Date: None, Resolution: None, Response Time: 918 ms
Name: 大湾区卫视, URL: https://skype.serv00.net/itouch.php?id=nfws$1920x1080, Date: None, Resolution: 1920x1080, Response Time: 375 ms
Name: 广东卫视, URL: http://gslbservzqhsw.itv.cmvideo.cn/1000000001000014176/1.m3u8?channel-id=ystenlive&Contentid=1000000001000014176&livemode=1&stbId=3, Date: None, Resolution: None, Response Time: 2689 ms
Name: 广东卫视, URL: http://gslbservzqhsw.itv.cmvideo.cn/1000000005000265034/1.m3u8?channel-id=ystenlive&Contentid=1000000005000265034&livemode=1&stbId=3, Date: None, Resolution: None, Response Time: 3178 ms
Name: 广东卫视, URL: http://gslbservzqhsw.itv.cmvideo.cn/1000000005000265034/1.m3u8?channel-id=ystenlive&Contentid=1000000005000265034&livemode=1&stbId=3, Date: None, Resolution: None, Response Time: 3195 ms
Name: 广东卫视, URL: http://gslbservzqhsw.itv.cmvideo.cn/1000000001000014176/1.m3u8?channel-id=ystenlive&Contentid=1000000001000014176&livemode=1&stbId=3, Date: None, Resolution: None, Response Time: 3233 ms
Name: 新会综合, URL: https://skype.serv00.net/itouch.php?id=xhzh$1920x1080, Date: None, Resolution: 1920x1080, Response Time: 375 ms
Name: 鹤山综合, URL: https://skype.serv00.net/itouch.php?id=hszh$1920x1080, Date: None, Resolution: 1920x1080, Response Time: 375 ms
Name: 深圳卫视, URL: http://gslbservzqhsw.itv.cmvideo.cn/1000000005000265028/1.m3u8?channel-id=ystenlive&Contentid=1000000005000265028&livemode=1&stbId=3, Date: None, Resolution: None, Response Time: 1469 ms
Name: 深圳卫视, URL: http://gslbservzqhsw.itv.cmvideo.cn/1000000005000265028/1.m3u8?channel-id=ystenlive&Contentid=1000000005000265028&livemode=1&stbId=3, Date: None, Resolution: None, Response Time: 1530 ms
Name: CCTV-1, URL: http://123.146.162.24:8013/tslslive/noEX9SG/hls/live_sd.m3u8, Date: None, Resolution: None, Response Time: 509 ms
Name: CCTV-1, URL: http://123.146.162.24:8013/tslslive/noEX9SG/hls/live_sd.m3u8, Date: None, Resolution: None, Response Time: 514 ms
Name: CCTV-2, URL: https://cntv.lat/tv/live.php?auth=231110&id=cctv2$1280x720, Date: None, Resolution: 1280x720, Response Time: 375 ms
Name: CCTV-11, URL: https://cd-live-stream.news.cctvplus.com/live/smil:CHANNEL1.smil/playlist.m3u8, Date: None, Resolution: None, Response Time: 1408 ms
Name: CCTV-11, URL: https://cd-live-stream.news.cctvplus.com/live/smil:CHANNEL1.smil/playlist.m3u8, Date: None, Resolution: None, Response Time: 1408 ms
Name: CCTV-13, URL: http://stream.smntv.cn/smtv1/playlist.m3u8, Date: None, Resolution: None, Response Time: 1025 ms
Name: CCTV-13, URL: http://stream.smntv.cn/smtv1/playlist.m3u8, Date: None, Resolution: None, Response Time: 1042 ms
Name: CCTV-9, URL: http://nas.hssvm.com:8888/udp/225.1.1.119:5002$1920x1080, Date: None, Resolution: 1920x1080, Response Time: 255 ms
Name: 广东卫视, URL: http://gslbservzqhsw.itv.cmvideo.cn/1000000005000265034/1.m3u8?channel-id=ystenlive&Contentid=1000000005000265034&livemode=1&stbId=3, Date: None, Resolution: None, Response Time: 1096 ms
Name: 广东卫视, URL: http://gslbservzqhsw.itv.cmvideo.cn/1000000001000014176/1.m3u8?channel-id=ystenlive&Contentid=1000000001000014176&livemode=1&stbId=3, Date: None, Resolution: None, Response Time: 1391 ms
Name: 广东卫视, URL: http://gslbservzqhsw.itv.cmvideo.cn/1000000001000014176/1.m3u8?channel-id=ystenlive&Contentid=1000000001000014176&livemode=1&stbId=3, Date: None, Resolution: None, Response Time: 1416 ms
Name: 广东卫视, URL: http://gslbservzqhsw.itv.cmvideo.cn/1000000005000265034/1.m3u8?channel-id=ystenlive&Contentid=1000000005000265034&livemode=1&stbId=3, Date: None, Resolution: None, Response Time: 1544 ms
Name: 浙江卫视, URL: https://ali-m-l.cztv.com/channels/lantian/channel001/1080p.m3u8, Date: None, Resolution: None, Response Time: 1018 ms
Name: 浙江卫视, URL: http://gslbservzqhsw.itv.cmvideo.cn/1000000001000014260/1.m3u8?channel-id=ystenlive&Contentid=1000000001000014260&livemode=1&stbId=3, Date: None, Resolution: None, Response Time: 1085 ms
Name: 浙江卫视, URL: http://gslbservzqhsw.itv.cmvideo.cn/5000000004000007275/1.m3u8?channel-id=bestzb&Contentid=5000000004000007275&livemode=1&stbId=3, Date: None, Resolution: None, Response Time: 1136 ms
Name: 浙江卫视, URL: http://gslbservzqhsw.itv.cmvideo.cn/1000000005000265031/1.m3u8?channel-id=ystenlive&Contentid=1000000005000265031&livemode=1&stbId=3, Date: None, Resolution: None, Response Time: 1150 ms
Name: 浙江卫视, URL: http://gslbservzqhsw.itv.cmvideo.cn/1000000001000014260/1.m3u8?channel-id=ystenlive&Contentid=1000000001000014260&livemode=1&stbId=3, Date: None, Resolution: None, Response Time: 1196 ms
Name: 浙江卫视, URL: http://gslbservzqhsw.itv.cmvideo.cn/1000000005000265031/1.m3u8?channel-id=ystenlive&Contentid=1000000005000265031&livemode=1&stbId=3, Date: None, Resolution: None, Response Time: 1253 ms
Name: 浙江卫视, URL: http://gslbservzqhsw.itv.cmvideo.cn/5000000004000007275/1.m3u8?channel-id=bestzb&Contentid=5000000004000007275&livemode=1&stbId=3, Date: None, Resolution: None, Response Time: 1262 ms
Name: 浙江卫视, URL: https://ali-m-l.cztv.com/channels/lantian/channel001/1080p.m3u8, Date: None, Resolution: None, Response Time: 1539 ms
Name: 湖南卫视, URL: http://gslbservzqhsw.itv.cmvideo.cn/1000000005000265024/1.m3u8?channel-id=ystenlive&Contentid=1000000005000265024&livemode=1&stbId=3, Date: None, Resolution: None, Response Time: 1428 ms
Name: 湖南卫视, URL: http://gslbservzqhsw.itv.cmvideo.cn/5000000004000006692/1.m3u8?channel-id=bestzb&Contentid=5000000004000006692&livemode=1&stbId=3, Date: None, Resolution: None, Response Time: 1472 ms
Name: 湖南卫视, URL: http://gslbservzqhsw.itv.cmvideo.cn/5000000004000006692/1.m3u8?channel-id=bestzb&Contentid=5000000004000006692&livemode=1&stbId=3, Date: None, Resolution: None, Response Time: 1568 ms
Task exception was never retrieved
future: <Task finished name='Task-1140' coro=<staggered_race.<locals>.run_one_coro() done, defined at /opt/hostedtoolcache/Python/3.8.18/x64/lib/python3.8/asyncio/staggered.py:82> exception=AssertionError()>
Traceback (most recent call last):
  File "/opt/hostedtoolcache/Python/3.8.18/x64/lib/python3.8/asyncio/staggered.py", line 116, in run_one_coro
    assert winner_index is None
AssertionError
Task exception was never retrieved
future: <Task finished name='Task-1151' coro=<staggered_race.<locals>.run_one_coro() done, defined at /opt/hostedtoolcache/Python/3.8.18/x64/lib/python3.8/asyncio/staggered.py:82> exception=AssertionError()>
Traceback (most recent call last):
  File "/opt/hostedtoolcache/Python/3.8.18/x64/lib/python3.8/asyncio/staggered.py", line 116, in run_one_coro
    assert winner_index is None
AssertionError
Task exception was never retrieved
future: <Task finished name='Task-1167' coro=<staggered_race.<locals>.run_one_coro() done, defined at /opt/hostedtoolcache/Python/3.8.18/x64/lib/python3.8/asyncio/staggered.py:82> exception=AssertionError()>
Traceback (most recent call last):
  File "/opt/hostedtoolcache/Python/3.8.18/x64/lib/python3.8/asyncio/staggered.py", line 116, in run_one_coro
    assert winner_index is None
AssertionError
Task exception was never retrieved
future: <Task finished name='Task-1187' coro=<staggered_race.<locals>.run_one_coro() done, defined at /opt/hostedtoolcache/Python/3.8.18/x64/lib/python3.8/asyncio/staggered.py:82> exception=AssertionError()>
Traceback (most recent call last):
  File "/opt/hostedtoolcache/Python/3.8.18/x64/lib/python3.8/asyncio/staggered.py", line 116, in run_one_coro
    assert winner_index is None
AssertionError
Task exception was never retrieved
future: <Task finished name='Task-1191' coro=<staggered_race.<locals>.run_one_coro() done, defined at /opt/hostedtoolcache/Python/3.8.18/x64/lib/python3.8/asyncio/staggered.py:82> exception=AssertionError()>
Traceback (most recent call last):
  File "/opt/hostedtoolcache/Python/3.8.18/x64/lib/python3.8/asyncio/staggered.py", line 116, in run_one_coro
    assert winner_index is None
AssertionError
Task exception was never retrieved
future: <Task finished name='Task-1195' coro=<staggered_race.<locals>.run_one_coro() done, defined at /opt/hostedtoolcache/Python/3.8.18/x64/lib/python3.8/asyncio/staggered.py:82> exception=AssertionError()>
Traceback (most recent call last):
  File "/opt/hostedtoolcache/Python/3.8.18/x64/lib/python3.8/asyncio/staggered.py", line 116, in run_one_coro
    assert winner_index is None
AssertionError
Task exception was never retrieved
future: <Task finished name='Task-1199' coro=<staggered_race.<locals>.run_one_coro() done, defined at /opt/hostedtoolcache/Python/3.8.18/x64/lib/python3.8/asyncio/staggered.py:82> exception=AssertionError()>
Traceback (most recent call last):
  File "/opt/hostedtoolcache/Python/3.8.18/x64/lib/python3.8/asyncio/staggered.py", line 116, in run_one_coro
    assert winner_index is None
AssertionError
Name: CCTV-16, URL: http://114.243.99.53:4000/rtp/239.3.1.184:8001$1920x1080, Date: None, Resolution: 1920x1080, Response Time: 339 ms
Name: 北京卫视, URL: http://gslbservzqhsw.itv.cmvideo.cn/1000000005000265027/1.m3u8?channel-id=ystenlive&Contentid=1000000005000265027&livemode=1&stbId=3, Date: None, Resolution: None, Response Time: 1359 ms
Name: 北京卫视, URL: http://gslbservzqhsw.itv.cmvideo.cn/1000000005000265027/1.m3u8?channel-id=ystenlive&Contentid=1000000005000265027&livemode=1&stbId=3, Date: None, Resolution: None, Response Time: 1384 ms
Name: 湖北卫视, URL: http://gslbservzqhsw.itv.cmvideo.cn/1000000005000265023/1.m3u8?channel-id=ystenlive&Contentid=1000000005000265023&livemode=1&stbId=3, Date: None, Resolution: None, Response Time: 1021 ms
Name: 湖北卫视, URL: http://gslbservzqhsw.itv.cmvideo.cn/1000000001000024621/1.m3u8?channel-id=ystenlive&Contentid=1000000001000024621&livemode=1&stbId=3, Date: None, Resolution: None, Response Time: 1124 ms
Name: 湖北卫视, URL: http://gslbservzqhsw.itv.cmvideo.cn/1000000005000265023/1.m3u8?channel-id=ystenlive&Contentid=1000000005000265023&livemode=1&stbId=3, Date: None, Resolution: None, Response Time: 1139 ms
Name: 湖北卫视, URL: http://gslbservzqhsw.itv.cmvideo.cn/1000000001000024621/1.m3u8?channel-id=ystenlive&Contentid=1000000001000024621&livemode=1&stbId=3, Date: None, Resolution: None, Response Time: 1167 ms
Name: 黑龙江卫视, URL: http://l.cztvcloud.com/channels/lantian/SXyuyao3/720p.m3u8, Date: None, Resolution: None, Response Time: 195 ms
Name: 黑龙江卫视, URL: http://l.cztvcloud.com/channels/lantian/SXyuyao3/720p.m3u8, Date: None, Resolution: None, Response Time: 675 ms
Name: 黑龙江卫视, URL: http://gslbservzqhsw.itv.cmvideo.cn/1000000005000265029/1.m3u8?channel-id=ystenlive&Contentid=1000000005000265029&livemode=1&stbId=3, Date: None, Resolution: None, Response Time: 1492 ms
Name: 黑龙江卫视, URL: http://gslbservzqhsw.itv.cmvideo.cn/1000000001000001925/1.m3u8?channel-id=ystenlive&Contentid=1000000001000001925&livemode=1&stbId=3, Date: None, Resolution: None, Response Time: 1614 ms
Name: 黑龙江卫视, URL: http://gslbservzqhsw.itv.cmvideo.cn/1000000005000265029/1.m3u8?channel-id=ystenlive&Contentid=1000000005000265029&livemode=1&stbId=3, Date: None, Resolution: None, Response Time: 2061 ms
Name: 黑龙江卫视, URL: http://gslbservzqhsw.itv.cmvideo.cn/1000000001000001925/1.m3u8?channel-id=ystenlive&Contentid=1000000001000001925&livemode=1&stbId=3, Date: None, Resolution: None, Response Time: 2064 ms
Name: 安徽卫视, URL: http://gslbservzqhsw.itv.cmvideo.cn/1000000005000265025/1.m3u8?channel-id=ystenlive&Contentid=1000000005000265025&livemode=1&stbId=3, Date: None, Resolution: None, Response Time: 3142 ms
Name: 安徽卫视, URL: http://gslbservzqhsw.itv.cmvideo.cn/1000000001000030159/1.m3u8?channel-id=ystenlive&Contentid=1000000001000030159&livemode=1&stbId=3, Date: None, Resolution: None, Response Time: 3157 ms
Name: 安徽卫视, URL: http://gslbservzqhsw.itv.cmvideo.cn/1000000005000265025/1.m3u8?channel-id=ystenlive&Contentid=1000000005000265025&livemode=1&stbId=3, Date: None, Resolution: None, Response Time: 3172 ms
Name: 安徽卫视, URL: http://gslbservzqhsw.itv.cmvideo.cn/1000000001000030159/1.m3u8?channel-id=ystenlive&Contentid=1000000001000030159&livemode=1&stbId=3, Date: None, Resolution: None, Response Time: 3185 ms
Name: 重庆卫视, URL: http://gslbservzqhsw.itv.cmvideo.cn/1000000001000001096/1.m3u8?channel-id=ystenlive&Contentid=1000000001000001096&livemode=1&stbId=3, Date: None, Resolution: None, Response Time: 2867 ms
Name: 重庆卫视, URL: http://gslbservzqhsw.itv.cmvideo.cn/1000000001000001096/1.m3u8?channel-id=ystenlive&Contentid=1000000001000001096&livemode=1&stbId=3, Date: None, Resolution: None, Response Time: 2878 ms
Name: 重庆卫视, URL: http://gslbservzqhsw.itv.cmvideo.cn/1000000005000265017/1.m3u8?channel-id=ystenlive&Contentid=1000000005000265017&livemode=1&stbId=3, Date: None, Resolution: None, Response Time: 2944 ms
Name: 重庆卫视, URL: http://gslbservzqhsw.itv.cmvideo.cn/1000000005000265017/1.m3u8?channel-id=ystenlive&Contentid=1000000005000265017&livemode=1&stbId=3, Date: None, Resolution: None, Response Time: 3013 ms
Name: 东方卫视, URL: http://gslbservzqhsw.itv.cmvideo.cn/1000000005000265018/1.m3u8?channel-id=ystenlive&Contentid=1000000005000265018&livemode=1&stbId=3, Date: None, Resolution: None, Response Time: 936 ms
Name: 东方卫视, URL: http://gslbservzqhsw.itv.cmvideo.cn/5000000004000014098/1.m3u8?channel-id=bestzb&Contentid=5000000004000014098&livemode=1&stbId=3, Date: None, Resolution: None, Response Time: 967 ms
Name: 东方卫视, URL: http://gslbservzqhsw.itv.cmvideo.cn/1000000005000265018/1.m3u8?channel-id=ystenlive&Contentid=1000000005000265018&livemode=1&stbId=3, Date: None, Resolution: None, Response Time: 995 ms
Name: 东方卫视, URL: http://gslbservzqhsw.itv.cmvideo.cn/5000000004000014098/1.m3u8?channel-id=bestzb&Contentid=5000000004000014098&livemode=1&stbId=3, Date: None, Resolution: None, Response Time: 1033 ms
Name: 东南卫视, URL: http://gslbservzqhsw.itv.cmvideo.cn/5000000004000010584/1.m3u8?channel-id=bestzb&Contentid=5000000004000010584&livemode=1&stbId=3, Date: None, Resolution: None, Response Time: 1127 ms
Name: 东南卫视, URL: http://gslbservzqhsw.itv.cmvideo.cn/5000000004000010584/1.m3u8?channel-id=bestzb&Contentid=5000000004000010584&livemode=1&stbId=3, Date: None, Resolution: None, Response Time: 1168 ms
Name: 东南卫视, URL: http://gslbservzqhsw.itv.cmvideo.cn/1000000005000265033/1.m3u8?channel-id=ystenlive&Contentid=1000000005000265033&livemode=1&stbId=3, Date: None, Resolution: None, Response Time: 1198 ms
Name: 东南卫视, URL: http://gslbservzqhsw.itv.cmvideo.cn/1000000005000265033/1.m3u8?channel-id=ystenlive&Contentid=1000000005000265033&livemode=1&stbId=3, Date: None, Resolution: None, Response Time: 1225 ms
Name: 甘肃卫视, URL: http://gslbservzqhsw.itv.cmvideo.cn/5000000011000031121/1.m3u8?channel-id=bestzb&Contentid=5000000011000031121&livemode=1&stbId=3, Date: None, Resolution: None, Response Time: 985 ms
Name: 甘肃卫视, URL: http://gslbservzqhsw.itv.cmvideo.cn/5000000011000031121/1.m3u8?channel-id=bestzb&Contentid=5000000011000031121&livemode=1&stbId=3, Date: None, Resolution: None, Response Time: 1071 ms
Name: 贵州卫视, URL: http://gslbservzqhsw.itv.cmvideo.cn/5000000004000025843/1.m3u8?channel-id=bestzb&Contentid=5000000004000025843&livemode=1&stbId=3, Date: None, Resolution: None, Response Time: 988 ms
Name: 贵州卫视, URL: http://gslbservzqhsw.itv.cmvideo.cn/5000000004000025843/1.m3u8?channel-id=bestzb&Contentid=5000000004000025843&livemode=1&stbId=3, Date: None, Resolution: None, Response Time: 1043 ms
Name: 海南卫视, URL: http://gslbservzqhsw.itv.cmvideo.cn/5000000004000006211/1.m3u8?channel-id=bestzb&Contentid=5000000004000006211&livemode=1&stbId=3, Date: None, Resolution: None, Response Time: 1147 ms
Name: 海南卫视, URL: http://gslbservzqhsw.itv.cmvideo.cn/5000000004000006211/1.m3u8?channel-id=bestzb&Contentid=5000000004000006211&livemode=1&stbId=3, Date: None, Resolution: None, Response Time: 1192 ms
Name: 河北卫视, URL: http://gslbservzqhsw.itv.cmvideo.cn/5000000006000040016/1.m3u8?channel-id=bestzb&Contentid=5000000006000040016&livemode=1&stbId=3, Date: None, Resolution: None, Response Time: 1013 ms
Name: 河北卫视, URL: http://gslbservzqhsw.itv.cmvideo.cn/5000000006000040016/1.m3u8?channel-id=bestzb&Contentid=5000000006000040016&livemode=1&stbId=3, Date: None, Resolution: None, Response Time: 1043 ms
Name: 河南卫视, URL: http://gslbservzqhsw.itv.cmvideo.cn/5000000011000031119/1.m3u8?channel-id=bestzb&Contentid=5000000011000031119&livemode=1&stbId=3, Date: None, Resolution: None, Response Time: 955 ms
Name: 河南卫视, URL: http://gslbservzqhsw.itv.cmvideo.cn/5000000011000031119/1.m3u8?channel-id=bestzb&Contentid=5000000011000031119&livemode=1&stbId=3, Date: None, Resolution: None, Response Time: 973 ms
Name: 吉林卫视, URL: http://gslbservzqhsw.itv.cmvideo.cn/5000000011000031117/1.m3u8?channel-id=bestzb&Contentid=5000000011000031117&livemode=1&stbId=3, Date: None, Resolution: None, Response Time: 908 ms
Name: 吉林卫视, URL: http://gslbservzqhsw.itv.cmvideo.cn/5000000011000031117/1.m3u8?channel-id=bestzb&Contentid=5000000011000031117&livemode=1&stbId=3, Date: None, Resolution: None, Response Time: 926 ms
Name: 吉林卫视, URL: https://pulltv1.wanfudaluye.com/live/tv1.m3u8, Date: None, Resolution: None, Response Time: 1444 ms
Name: 吉林卫视, URL: https://pulltv1.wanfudaluye.com/live/tv1.m3u8, Date: None, Resolution: None, Response Time: 1448 ms
Name: 江苏卫视, URL: http://gslbservzqhsw.itv.cmvideo.cn/1000000005000265030/1.m3u8?channel-id=ystenlive&Contentid=1000000005000265030&livemode=1&stbId=3, Date: None, Resolution: None, Response Time: 979 ms
Name: 江苏卫视, URL: http://gslbservzqhsw.itv.cmvideo.cn/1000000005000265030/1.m3u8?channel-id=ystenlive&Contentid=1000000005000265030&livemode=1&stbId=3, Date: None, Resolution: None, Response Time: 1051 ms
Name: 广西卫视, URL: http://www.dsmcloud.top:8888/udp/239.81.0.107:4056$1920x1080, Date: None, Resolution: 1920x1080, Response Time: 203 ms
Name: 广西卫视, URL: http://gslbservzqhsw.itv.cmvideo.cn/5000000011000031118/1.m3u8?channel-id=bestzb&Contentid=5000000011000031118&livemode=1&stbId=3, Date: None, Resolution: None, Response Time: 1065 ms
Name: 广西卫视, URL: http://gslbservzqhsw.itv.cmvideo.cn/5000000011000031118/1.m3u8?channel-id=bestzb&Contentid=5000000011000031118&livemode=1&stbId=3, Date: None, Resolution: None, Response Time: 1092 ms
Name: 江西卫视, URL: http://gslbservzqhsw.itv.cmvideo.cn/1000000005000265032/1.m3u8?channel-id=ystenlive&Contentid=1000000005000265032&livemode=1&stbId=3, Date: None, Resolution: None, Response Time: 868 ms
Name: 江西卫视, URL: http://gslbservzqhsw.itv.cmvideo.cn/1000000005000265032/1.m3u8?channel-id=ystenlive&Contentid=1000000005000265032&livemode=1&stbId=3, Date: None, Resolution: None, Response Time: 880 ms
Name: 江西卫视, URL: http://gslbservzqhsw.itv.cmvideo.cn/1000000006000268001/1.m3u8?channel-id=ystenlive&Contentid=1000000006000268001&livemode=1&stbId=3, Date: None, Resolution: None, Response Time: 1015 ms
Name: 江西卫视, URL: http://gslbservzqhsw.itv.cmvideo.cn/1000000006000268001/1.m3u8?channel-id=ystenlive&Contentid=1000000006000268001&livemode=1&stbId=3, Date: None, Resolution: None, Response Time: 1017 ms
Name: 辽宁卫视, URL: http://gslbservzqhsw.itv.cmvideo.cn/1000000005000265022/1.m3u8?channel-id=ystenlive&Contentid=1000000005000265022&livemode=1&stbId=3, Date: None, Resolution: None, Response Time: 863 ms
Name: 辽宁卫视, URL: http://gslbservzqhsw.itv.cmvideo.cn/5000000004000011671/1.m3u8?channel-id=bestzb&Contentid=5000000004000011671&livemode=1&stbId=3, Date: None, Resolution: None, Response Time: 953 ms
Name: 辽宁卫视, URL: http://gslbservzqhsw.itv.cmvideo.cn/5000000004000011671/1.m3u8?channel-id=bestzb&Contentid=5000000004000011671&livemode=1&stbId=3, Date: None, Resolution: None, Response Time: 1029 ms
Name: 辽宁卫视, URL: http://gslbservzqhsw.itv.cmvideo.cn/1000000005000265022/1.m3u8?channel-id=ystenlive&Contentid=1000000005000265022&livemode=1&stbId=3, Date: None, Resolution: None, Response Time: 1082 ms
Name: 山东卫视, URL: http://gslbservzqhsw.itv.cmvideo.cn/1000000001000016568/1.m3u8?channel-id=ystenlive&Contentid=1000000001000016568&livemode=1&stbId=3, Date: None, Resolution: None, Response Time: 997 ms
Name: 山东卫视, URL: http://gslbservzqhsw.itv.cmvideo.cn/1000000001000016568/1.m3u8?channel-id=ystenlive&Contentid=1000000001000016568&livemode=1&stbId=3, Date: None, Resolution: None, Response Time: 1004 ms
Name: 山东卫视, URL: http://gslbservzqhsw.itv.cmvideo.cn/1000000005000265019/1.m3u8?channel-id=ystenlive&Contentid=1000000005000265019&livemode=1&stbId=3, Date: None, Resolution: None, Response Time: 1014 ms
Name: 山东卫视, URL: http://gslbservzqhsw.itv.cmvideo.cn/1000000005000265019/1.m3u8?channel-id=ystenlive&Contentid=1000000005000265019&livemode=1&stbId=3, Date: None, Resolution: None, Response Time: 1095 ms
Name: 山西卫视, URL: http://80ec27bff7f9ae80b961481da488e302.livehwc3.cn/liveflash.sxrtv.com/live/sxwshd.m3u8?sub_m3u8=true&edge_slice=true&user_session_id=d04ce01474da4193c8863ea281ec4759, Date: None, Resolution: None, Response Time: 614 ms
Name: 山西卫视, URL: http://80ec27bff7f9ae80b961481da488e302.livehwc3.cn/liveflash.sxrtv.com/live/sxwshd.m3u8?sub_m3u8=true&edge_slice=true&user_session_id=d04ce01474da4193c8863ea281ec4759, Date: None, Resolution: None, Response Time: 993 ms
Name: 四川卫视, URL: http://gslbservzqhsw.itv.cmvideo.cn/5000000004000006119/1.m3u8?channel-id=bestzb&Contentid=5000000004000006119&livemode=1&stbId=3, Date: None, Resolution: None, Response Time: 1001 ms
Name: 四川卫视, URL: http://gslbservzqhsw.itv.cmvideo.cn/5000000004000006119/1.m3u8?channel-id=bestzb&Contentid=5000000004000006119&livemode=1&stbId=3, Date: None, Resolution: None, Response Time: 1018 ms
Name: 青海卫视, URL: http://gslbservzqhsw.itv.cmvideo.cn/1000000002000013359/1.m3u8?channel-id=ystenlive&Contentid=1000000002000013359&livemode=1&stbId=3, Date: None, Resolution: None, Response Time: 1006 ms
Name: 青海卫视, URL: http://gslbservzqhsw.itv.cmvideo.cn/1000000002000013359/1.m3u8?channel-id=ystenlive&Contentid=1000000002000013359&livemode=1&stbId=3, Date: None, Resolution: None, Response Time: 1076 ms
Name: 深圳卫视, URL: http://gslbservzqhsw.itv.cmvideo.cn/1000000005000265028/1.m3u8?channel-id=ystenlive&Contentid=1000000005000265028&livemode=1&stbId=3, Date: None, Resolution: None, Response Time: 1087 ms
Name: 深圳卫视, URL: http://gslbservzqhsw.itv.cmvideo.cn/1000000005000265028/1.m3u8?channel-id=ystenlive&Contentid=1000000005000265028&livemode=1&stbId=3, Date: None, Resolution: None, Response Time: 1160 ms
Name: 天津卫视, URL: http://gslbservzqhsw.itv.cmvideo.cn/1000000005000265026/1.m3u8?channel-id=ystenlive&Contentid=1000000005000265026&livemode=1&stbId=3, Date: None, Resolution: None, Response Time: 931 ms
Name: 天津卫视, URL: http://gslbservzqhsw.itv.cmvideo.cn/1000000005000265026/1.m3u8?channel-id=ystenlive&Contentid=1000000005000265026&livemode=1&stbId=3, Date: None, Resolution: None, Response Time: 979 ms
Name: 天津卫视, URL: http://gslbservzqhsw.itv.cmvideo.cn/5000000004000006827/1.m3u8?channel-id=bestzb&Contentid=5000000004000006827&livemode=1&stbId=3, Date: None, Resolution: None, Response Time: 1000 ms
Name: 天津卫视, URL: http://gslbservzqhsw.itv.cmvideo.cn/5000000004000006827/1.m3u8?channel-id=bestzb&Contentid=5000000004000006827&livemode=1&stbId=3, Date: None, Resolution: None, Response Time: 1040 ms
Name: 云南卫视, URL: http://gslbservzqhsw.itv.cmvideo.cn/5000000011000031120/1.m3u8?channel-id=bestzb&Contentid=5000000011000031120&livemode=1&stbId=3, Date: None, Resolution: None, Response Time: 996 ms
Name: 云南卫视, URL: http://gslbservzqhsw.itv.cmvideo.cn/5000000011000031120/1.m3u8?channel-id=bestzb&Contentid=5000000011000031120&livemode=1&stbId=3, Date: None, Resolution: None, Response Time: 1095 ms
Name: 星河台, URL: https://edge6a.v2h-cdn.com/xinghe/xinghe.stream/chunklist.m3u8, Date: None, Resolution: None, Response Time: 2161 ms
Name: 星河台, URL: https://edge6a.v2h-cdn.com/xinghe/xinghe.stream/chunklist.m3u8, Date: None, Resolution: None, Response Time: 2171 ms
Name: 翡翠台, URL: http://php.jdshipin.com:8880/smt.php?id=jade_twn$1920x1080, Date: None, Resolution: 1920x1080, Response Time: 375 ms
Name: 翡翠台, URL: http://php.jdshipin.com:8880/TVOD/iptv.php?id=fct$1920x1080, Date: None, Resolution: 1920x1080, Response Time: 375 ms
Name: 凤凰资讯, URL: http://61.221.215.25:8800/hls/47/index.m3u8, Date: None, Resolution: None, Response Time: 393 ms
Name: 凤凰资讯, URL: http://61.221.215.25:8800/hls/47/index.m3u8, Date: None, Resolution: None, Response Time: 396 ms
Name: TVBS亚洲, URL: http://d2e1asnsl7br7b.cloudfront.net/7782e205e72f43aeb4a48ec97f66ebbe/index_5.m3u8?zshijd, Date: None, Resolution: None, Response Time: 21 ms
Name: TVBS亚洲, URL: http://d2e1asnsl7br7b.cloudfront.net/7782e205e72f43aeb4a48ec97f66ebbe/index_5.m3u8?zshijd, Date: None, Resolution: None, Response Time: 93 ms
Name: TVBS亚洲, URL: http://38.64.72.148/hls/modn/list/4005/chunklist1.m3u8, Date: None, Resolution: None, Response Time: 125 ms
Name: TVBS亚洲, URL: http://38.64.72.148/hls/modn/list/4005/chunklist1.m3u8, Date: None, Resolution: None, Response Time: 132 ms
Name: TVBS亚洲, URL: http://38.64.72.148/hls/modn/list/4005/playlist.m3u8, Date: None, Resolution: None, Response Time: 196 ms
Name: TVBS亚洲, URL: http://38.64.72.148/hls/modn/list/4005/chunklist1.m3u8?, Date: None, Resolution: None, Response Time: 206 ms
Name: TVBS亚洲, URL: http://38.64.72.148:80/hls/modn/list/4005/chunklist1.m3u8, Date: None, Resolution: None, Response Time: 259 ms
Name: TVBS亚洲, URL: http://38.64.72.148:80/hls/modn/list/4005/playlist.m3u8, Date: None, Resolution: None, Response Time: 266 ms
Name: TVBS亚洲, URL: http://38.64.72.148/hls/modn/list/4005/chunklist0.m3u8, Date: None, Resolution: None, Response Time: 275 ms
Name: TVBS亚洲, URL: http://38.64.72.148:80/hls/modn/list/4005/chunklist1.m3u8, Date: None, Resolution: None, Response Time: 284 ms
Name: TVBS亚洲, URL: http://38.64.72.148:80/hls/modn/list/4005/chunklist0.m3u8, Date: None, Resolution: None, Response Time: 306 ms
Name: TVBS亚洲, URL: http://38.64.72.148:80/hls/modn/list/4005/playlist.m3u8, Date: None, Resolution: None, Response Time: 321 ms
Name: TVBS亚洲, URL: http://38.64.72.148:80/hls/modn/list/4005/playlist.m3u8?, Date: None, Resolution: None, Response Time: 322 ms
Name: TVBS亚洲, URL: http://38.64.72.148:80/hls/modn/list/4005/playlist.m3u8?, Date: None, Resolution: None, Response Time: 331 ms
Name: TVBS亚洲, URL: http://38.64.72.148:80/hls/modn/list/4005/chunklist0.m3u8, Date: None, Resolution: None, Response Time: 335 ms
Name: TVBS亚洲, URL: http://38.64.72.148/hls/modn/list/4005/chunklist0.m3u8, Date: None, Resolution: None, Response Time: 338 ms
Name: TVBS亚洲, URL: http://38.64.72.148/hls/modn/list/4005/playlist.m3u8, Date: None, Resolution: None, Response Time: 355 ms
Name: TVBS亚洲, URL: http://38.64.72.148/hls/modn/list/4005/chunklist1.m3u8?, Date: None, Resolution: None, Response Time: 376 ms
Name: TVBS新闻, URL: http://4gtv.mumi.rip:9877/291/4gtv-4gtv072/index.m3u8, Date: None, Resolution: None, Response Time: 631 ms
Name: TVBS新闻, URL: http://4gtv.mumi.rip:9877/291/4gtv-4gtv072/index.m3u8, Date: None, Resolution: None, Response Time: 767 ms
Name: TVBS欢乐, URL: http://4gtv.mumi.rip:9877/184/4gtv-4gtv068/index.m3u8, Date: None, Resolution: None, Response Time: 477 ms
Name: TVBS欢乐, URL: http://4gtv.mumi.rip:9877/184/4gtv-4gtv068/index.m3u8, Date: None, Resolution: None, Response Time: 593 ms
Name: 西藏卫视, URL: http://php.jdshipin.com:8880/xztv.php?id=ws$1920x1080, Date: None, Resolution: 1920x1080, Response Time: 300 ms
Name: 凤凰中文, URL: http://ayolee.com:5253/udp/239.93.0.162:2192$1920x1080, Date: None, Resolution: 1920x1080, Response Time: 315 ms
Name: 凤凰中文, URL: http://pi.0472.org/tv/cbn.php?id=xfjcHD$1280x720, Date: None, Resolution: 1280x720, Response Time: 375 ms
